c:\users\student\documents\visual studio 2010\projects\vending machine\vending machine\debug\vending machine.pch
c:\users\student\documents\visual studio 2010\projects\vending machine\vending machine\debug\stdafx.obj
c:\users\student\documents\visual studio 2010\projects\vending machine\vending machine\debug\vc100.pdb
c:\users\student\documents\visual studio 2010\projects\vending machine\vending machine\debug\vendingslot.obj
c:\users\student\documents\visual studio 2010\projects\vending machine\vending machine\debug\vending machine.obj
c:\users\student\documents\visual studio 2010\projects\vending machine\vending machine\debug\vending machine.exe.embed.manifest
c:\users\student\documents\visual studio 2010\projects\vending machine\vending machine\debug\vending machine.exe.embed.manifest.res
c:\users\admin\downloads\vending machine-20170406t162735z-001\vending machine\vending machine\debug\vending machine.pch
c:\users\admin\downloads\vending machine-20170406t162735z-001\vending machine\vending machine\debug\vc140.pdb
c:\users\admin\downloads\vending machine-20170406t162735z-001\vending machine\vending machine\debug\vc140.idb
c:\users\admin\downloads\vending machine-20170406t162735z-001\vending machine\vending machine\debug\stdafx.obj
c:\users\admin\downloads\vending machine-20170406t162735z-001\vending machine\vending machine\debug\vending machine.obj
c:\users\admin\downloads\vending machine-20170406t162735z-001\vending machine\vending machine\debug\vendingslot.obj
c:\users\admin\downloads\vending machine-20170406t162735z-001\vending machine\vending machine\debug\vending machine.vcxprojresolveassemblyreference.cache
c:\users\admin\downloads\vending machine-20170406t162735z-001\vending machine\vending machine\debug\cl.command.1.tlog
c:\users\admin\downloads\vending machine-20170406t162735z-001\vending machine\vending machine\debug\cl.read.1.tlog
c:\users\admin\downloads\vending machine-20170406t162735z-001\vending machine\vending machine\debug\cl.write.1.tlog
c:\users\admin\downloads\vending machine-20170406t162735z-001\vending machine\vending machine\debug\link-cvtres.read.1.tlog
c:\users\admin\downloads\vending machine-20170406t162735z-001\vending machine\vending machine\debug\link-cvtres.write.1.tlog
c:\users\admin\downloads\vending machine-20170406t162735z-001\vending machine\vending machine\debug\link.5328-cvtres.read.1.tlog
c:\users\admin\downloads\vending machine-20170406t162735z-001\vending machine\vending machine\debug\link.5328-cvtres.write.1.tlog
c:\users\admin\downloads\vending machine-20170406t162735z-001\vending machine\vending machine\debug\link.5328.read.1.tlog
c:\users\admin\downloads\vending machine-20170406t162735z-001\vending machine\vending machine\debug\link.5328.write.1.tlog
c:\users\admin\downloads\vending machine-20170406t162735z-001\vending machine\vending machine\debug\link.command.1.tlog
c:\users\admin\downloads\vending machine-20170406t162735z-001\vending machine\vending machine\debug\link.read.1.tlog
c:\users\admin\downloads\vending machine-20170406t162735z-001\vending machine\vending machine\debug\link.write.1.tlog
c:\users\admin\downloads\vending machine-20170406t162735z-001\vending machine\vending machine\debug\mt.command.1.tlog
c:\users\admin\downloads\vending machine-20170406t162735z-001\vending machine\vending machine\debug\mt.read.1.tlog
c:\users\admin\downloads\vending machine-20170406t162735z-001\vending machine\vending machine\debug\mt.write.1.tlog
c:\users\admin\downloads\vending machine-20170406t162735z-001\vending machine\vending machine\debug\rc.command.1.tlog
c:\users\admin\downloads\vending machine-20170406t162735z-001\vending machine\vending machine\debug\rc.read.1.tlog
c:\users\admin\downloads\vending machine-20170406t162735z-001\vending machine\vending machine\debug\rc.write.1.tlog
c:\users\admin\downloads\vending machine-20170406t162735z-001\vending machine\vending machine\debug\vending machine.write.1.tlog
c:\users\admin\downloads\vending machine-20170406t162735z-001\vending machine\vending machine\debug\vending machine.exe.embed.manifest
c:\users\admin\downloads\vending machine-20170406t162735z-001\vending machine\vending machine\debug\vending machine.exe.embed.manifest.res
c:\users\admin\downloads\vending machine-20170406t162735z-001\vending machine\vending machine\debug\vc100.idb
c:\users\admin\downloads\vending machine-20170406t162735z-001\vending machine\vending machine\debug\vc100.pdb
c:\users\admin\downloads\vending machine-20170406t162735z-001\vending machine\vending machine\debug\vending machine_manifest.rc
c:\users\admin\downloads\vending machine-20170406t162735z-001\vending machine\vending machine\debug\vending machine.exe.intermediate.manifest.xml
c:\users\admin\downloads\vending machine-20170406t162735z-001\vending machine\debug\vending machine.pdb
c:\users\admin\downloads\vending machine-20170406t162735z-001\vending machine\vending machine\debug\vending machine.tlog\cl.command.1.tlog
c:\users\admin\downloads\vending machine-20170406t162735z-001\vending machine\vending machine\debug\vending machine.tlog\cl.read.1.tlog
c:\users\admin\downloads\vending machine-20170406t162735z-001\vending machine\vending machine\debug\vending machine.tlog\cl.write.1.tlog
c:\users\admin\downloads\vending machine-20170406t162735z-001\vending machine\vending machine\debug\vending machine.tlog\link-cvtres.read.1.tlog
c:\users\admin\downloads\vending machine-20170406t162735z-001\vending machine\vending machine\debug\vending machine.tlog\link-cvtres.write.1.tlog
c:\users\admin\downloads\vending machine-20170406t162735z-001\vending machine\vending machine\debug\vending machine.tlog\link-rc.read.1.tlog
c:\users\admin\downloads\vending machine-20170406t162735z-001\vending machine\vending machine\debug\vending machine.tlog\link-rc.write.1.tlog
c:\users\admin\downloads\vending machine-20170406t162735z-001\vending machine\vending machine\debug\vending machine.tlog\link.command.1.tlog
c:\users\admin\downloads\vending machine-20170406t162735z-001\vending machine\vending machine\debug\vending machine.tlog\link.read.1.tlog
c:\users\admin\downloads\vending machine-20170406t162735z-001\vending machine\vending machine\debug\vending machine.tlog\link.write.1.tlog
